<?xml version="1.0" encoding="UTF-8"?>
<!-- Generated by org.testng.reporters.JUnitReportReporter -->
<testsuite hostname="Sajids-MacBook-Air.local" failures="0" tests="14" name="Classes.testNGRunner" time="2.447" errors="0" timestamp="2025-03-20T02:08:49 CET" skipped="0">
  <testcase classname="Classes.testNGRunner" name="runScenario" time="0.010"/>
  <testcase classname="Classes.testNGRunner" name="runScenario" time="0.003"/>
  <testcase classname="Classes.testNGRunner" name="runScenario" time="0.004"/>
  <testcase classname="Classes.testNGRunner" name="runScenario" time="0.011"/>
  <testcase classname="Classes.testNGRunner" name="runScenario" time="2.369"/>
  <testcase classname="Classes.testNGRunner" name="runScenario" time="0.005"/>
  <testcase classname="Classes.testNGRunner" name="runScenario" time="0.005"/>
  <testcase classname="Classes.testNGRunner" name="runScenario" time="0.002"/>
  <testcase classname="Classes.testNGRunner" name="runScenario" time="0.008"/>
  <testcase classname="Classes.testNGRunner" name="runScenario" time="0.002"/>
  <testcase classname="Classes.testNGRunner" name="runScenario" time="0.003"/>
  <testcase classname="Classes.testNGRunner" name="runScenario" time="0.012"/>
  <testcase classname="Classes.testNGRunner" name="runScenario" time="0.005"/>
  <testcase classname="Classes.testNGRunner" name="runScenario" time="0.008"/>
</testsuite> <!-- Classes.testNGRunner -->
